2021-08-17T05:03:55+00:00 CRITICAL Maximum execution time of 30 seconds exceeded in H:\xampp\htdocs\naturallycurly\wp-includes\wp-db.php on line 2056

2021-08-17T11:17:40+00:00 CRITICAL Maximum execution time of 30 seconds exceeded in H:\xampp\htdocs\naturallycurly\wp-includes\Requests\Transport\cURL.php on line 462

2021-08-17T11:34:11+00:00 CRITICAL Maximum execution time of 30 seconds exceeded in H:\xampp\htdocs\naturallycurly\wp-includes\wp-db.php on line 2056

2021-08-17T11:34:24+00:00 CRITICAL Maximum execution time of 30 seconds exceeded in H:\xampp\htdocs\naturallycurly\wp-includes\wp-db.php on line 2056

2021-08-17T11:35:25+00:00 CRITICAL Maximum execution time of 30 seconds exceeded in H:\xampp\htdocs\naturallycurly\wp-includes\wp-db.php on line 2056

2021-08-17T12:37:18+00:00 CRITICAL Uncaught Error: Call to undefined function WP_Query() in H:\xampp\htdocs\naturallycurly\wp-content\themes\naturallycurly\category.php:29
Stack trace:
#0 H:\xampp\htdocs\naturallycurly\wp-includes\template-loader.php(106): include()
#1 H:\xampp\htdocs\naturallycurly\wp-blog-header.php(19): require_once('H:\\xampp\\htdocs...')
#2 H:\xampp\htdocs\naturallycurly\index.php(17): require('H:\\xampp\\htdocs...')
#3 {main}
  thrown in H:\xampp\htdocs\naturallycurly\wp-content\themes\naturallycurly\category.php on line 29

2021-08-17T12:37:53+00:00 CRITICAL Uncaught Error: Call to undefined function WP_Query() in H:\xampp\htdocs\naturallycurly\wp-content\themes\naturallycurly\category.php:29
Stack trace:
#0 H:\xampp\htdocs\naturallycurly\wp-includes\template-loader.php(106): include()
#1 H:\xampp\htdocs\naturallycurly\wp-blog-header.php(19): require_once('H:\\xampp\\htdocs...')
#2 H:\xampp\htdocs\naturallycurly\index.php(17): require('H:\\xampp\\htdocs...')
#3 {main}
  thrown in H:\xampp\htdocs\naturallycurly\wp-content\themes\naturallycurly\category.php on line 29

2021-08-17T13:34:07+00:00 CRITICAL syntax error, unexpected '.', expecting variable (T_VARIABLE) or '{' or '$' in H:\xampp\htdocs\naturallycurly\wp-content\themes\naturallycurly\header.php on line 83

2021-08-17T13:35:24+00:00 CRITICAL syntax error, unexpected '\' (T_NS_SEPARATOR) in H:\xampp\htdocs\naturallycurly\wp-content\themes\naturallycurly\header.php on line 83

