2021-08-25T05:04:42+00:00 CRITICAL Maximum execution time of 30 seconds exceeded in H:\xampp\htdocs\naturallycurly\wp-includes\wp-db.php on line 2056

2021-08-25T05:57:35+00:00 CRITICAL Maximum execution time of 30 seconds exceeded in H:\xampp\htdocs\naturallycurly\wp-admin\includes\class-wp-filesystem-direct.php on line 66

2021-08-25T08:12:24+00:00 CRITICAL Uncaught Error: Using $this when not in object context in H:\xampp\htdocs\naturallycurly\wp-content\themes\naturallycurly\functions.php:2
Stack trace:
#0 H:\xampp\htdocs\naturallycurly\wp-settings.php(546): include()
#1 H:\xampp\htdocs\naturallycurly\wp-config.php(96): require_once('H:\\xampp\\htdocs...')
#2 H:\xampp\htdocs\naturallycurly\wp-load.php(50): require_once('H:\\xampp\\htdocs...')
#3 H:\xampp\htdocs\naturallycurly\wp-admin\admin-ajax.php(22): require_once('H:\\xampp\\htdocs...')
#4 {main}
  thrown in H:\xampp\htdocs\naturallycurly\wp-content\themes\naturallycurly\functions.php on line 2

2021-08-25T08:12:26+00:00 CRITICAL Uncaught Error: Using $this when not in object context in H:\xampp\htdocs\naturallycurly\wp-content\themes\naturallycurly\functions.php:2
Stack trace:
#0 H:\xampp\htdocs\naturallycurly\wp-settings.php(546): include()
#1 H:\xampp\htdocs\naturallycurly\wp-config.php(96): require_once('H:\\xampp\\htdocs...')
#2 H:\xampp\htdocs\naturallycurly\wp-load.php(50): require_once('H:\\xampp\\htdocs...')
#3 H:\xampp\htdocs\naturallycurly\wp-admin\admin.php(34): require_once('H:\\xampp\\htdocs...')
#4 H:\xampp\htdocs\naturallycurly\wp-admin\plugins.php(10): require_once('H:\\xampp\\htdocs...')
#5 {main}
  thrown in H:\xampp\htdocs\naturallycurly\wp-content\themes\naturallycurly\functions.php on line 2

2021-08-25T08:13:04+00:00 CRITICAL Uncaught Error: Using $this when not in object context in H:\xampp\htdocs\naturallycurly\wp-content\themes\naturallycurly\functions.php:16
Stack trace:
#0 H:\xampp\htdocs\naturallycurly\wp-settings.php(546): include()
#1 H:\xampp\htdocs\naturallycurly\wp-config.php(96): require_once('H:\\xampp\\htdocs...')
#2 H:\xampp\htdocs\naturallycurly\wp-load.php(50): require_once('H:\\xampp\\htdocs...')
#3 H:\xampp\htdocs\naturallycurly\wp-blog-header.php(13): require_once('H:\\xampp\\htdocs...')
#4 H:\xampp\htdocs\naturallycurly\index.php(17): require('H:\\xampp\\htdocs...')
#5 {main}
  thrown in H:\xampp\htdocs\naturallycurly\wp-content\themes\naturallycurly\functions.php on line 16

2021-08-25T08:16:12+00:00 CRITICAL syntax error, unexpected '}', expecting end of file in H:\xampp\htdocs\naturallycurly\wp-content\themes\naturallycurly\functions.php on line 320

2021-08-25T08:33:05+00:00 CRITICAL Maximum execution time of 30 seconds exceeded in H:\xampp\htdocs\naturallycurly\wp-includes\wp-db.php on line 2056

2021-08-25T08:33:41+00:00 CRITICAL Maximum execution time of 30 seconds exceeded in H:\xampp\htdocs\naturallycurly\wp-includes\wp-db.php on line 2056

2021-08-25T08:37:24+00:00 CRITICAL Maximum execution time of 30 seconds exceeded in H:\xampp\htdocs\naturallycurly\wp-includes\wp-db.php on line 2056

2021-08-25T09:57:21+00:00 CRITICAL Uncaught ArgumentCountError: Too few arguments to function WC_Template_Loader::unsupported_theme_title_filter(), 1 passed in H:\xampp\htdocs\naturallycurly\wp-includes\class-wp-hook.php on line 303 and exactly 2 expected in H:\xampp\htdocs\naturallycurly\wp-content\plugins\woocommerce\includes\class-wc-template-loader.php:457
Stack trace:
#0 H:\xampp\htdocs\naturallycurly\wp-includes\class-wp-hook.php(303): WC_Template_Loader::unsupported_theme_title_filter('CurlTalk')
#1 H:\xampp\htdocs\naturallycurly\wp-includes\plugin.php(189): WP_Hook->apply_filters('CurlTalk', Array)
#2 H:\xampp\htdocs\naturallycurly\wp-content\plugins\bbpress\includes\core\theme-compat.php(571): apply_filters('the_title', 'CurlTalk')
#3 H:\xampp\htdocs\naturallycurly\wp-includes\class-wp-hook.php(303): bbp_template_include_theme_compat('H:\\xampp\\htdocs...')
#4 H:\xampp\htdocs\naturallycurly\wp-includes\plugin.php(189): WP_Hook->apply_filters('H:\\xampp\\htdocs...', Array)
#5 H:\xampp\htdocs\naturallycurly\wp-content\plugins\bbpress\in in H:\xampp\htdocs\naturallycurly\wp-content\plugins\woocommerce\includes\class-wc-template-loader.php on line 457

2021-08-25T10:20:21+00:00 CRITICAL Maximum execution time of 30 seconds exceeded in H:\xampp\htdocs\naturallycurly\wp-includes\Requests\Transport\cURL.php on line 165

2021-08-25T10:21:09+00:00 CRITICAL Maximum execution time of 30 seconds exceeded in H:\xampp\htdocs\naturallycurly\wp-includes\wp-db.php on line 2056

2021-08-25T10:40:43+00:00 CRITICAL Uncaught ArgumentCountError: Too few arguments to function WC_Template_Loader::unsupported_theme_title_filter(), 1 passed in H:\xampp\htdocs\naturallycurly\wp-includes\class-wp-hook.php on line 303 and exactly 2 expected in H:\xampp\htdocs\naturallycurly\wp-content\plugins\woocommerce\includes\class-wc-template-loader.php:457
Stack trace:
#0 H:\xampp\htdocs\naturallycurly\wp-includes\class-wp-hook.php(303): WC_Template_Loader::unsupported_theme_title_filter('Discussion')
#1 H:\xampp\htdocs\naturallycurly\wp-includes\plugin.php(189): WP_Hook->apply_filters('Discussion', Array)
#2 H:\xampp\htdocs\naturallycurly\wp-content\plugins\bbpress\includes\core\theme-compat.php(644): apply_filters('the_title', 'Discussion')
#3 H:\xampp\htdocs\naturallycurly\wp-includes\class-wp-hook.php(303): bbp_template_include_theme_compat('H:\\xampp\\htdocs...')
#4 H:\xampp\htdocs\naturallycurly\wp-includes\plugin.php(189): WP_Hook->apply_filters('H:\\xampp\\htdocs...', Array)
#5 H:\xampp\htdocs\naturallycurly\wp-content\plugins\bbpr in H:\xampp\htdocs\naturallycurly\wp-content\plugins\woocommerce\includes\class-wc-template-loader.php on line 457

2021-08-25T11:03:20+00:00 CRITICAL Maximum execution time of 30 seconds exceeded in H:\xampp\htdocs\naturallycurly\wp-includes\wp-db.php on line 2056

2021-08-25T11:03:27+00:00 CRITICAL Maximum execution time of 30 seconds exceeded in H:\xampp\htdocs\naturallycurly\wp-includes\wp-db.php on line 2056

2021-08-25T11:03:37+00:00 CRITICAL Maximum execution time of 30 seconds exceeded in H:\xampp\htdocs\naturallycurly\wp-includes\wp-db.php on line 2056

2021-08-25T11:03:44+00:00 CRITICAL Maximum execution time of 30 seconds exceeded in H:\xampp\htdocs\naturallycurly\wp-includes\wp-db.php on line 2056

2021-08-25T11:03:51+00:00 CRITICAL Maximum execution time of 30 seconds exceeded in H:\xampp\htdocs\naturallycurly\wp-includes\wp-db.php on line 2056

2021-08-25T11:04:20+00:00 CRITICAL Maximum execution time of 30 seconds exceeded in H:\xampp\htdocs\naturallycurly\wp-includes\wp-db.php on line 2056

2021-08-25T11:04:24+00:00 CRITICAL Maximum execution time of 30 seconds exceeded in H:\xampp\htdocs\naturallycurly\wp-includes\wp-db.php on line 2056

2021-08-25T11:30:01+00:00 CRITICAL Maximum execution time of 30 seconds exceeded in H:\xampp\htdocs\naturallycurly\wp-includes\wp-db.php on line 2056

2021-08-25T11:30:10+00:00 CRITICAL Maximum execution time of 30 seconds exceeded in H:\xampp\htdocs\naturallycurly\wp-includes\wp-db.php on line 2056

2021-08-25T11:30:19+00:00 CRITICAL Maximum execution time of 30 seconds exceeded in H:\xampp\htdocs\naturallycurly\wp-includes\wp-db.php on line 2056

2021-08-25T11:30:27+00:00 CRITICAL Maximum execution time of 30 seconds exceeded in H:\xampp\htdocs\naturallycurly\wp-includes\wp-db.php on line 2056

2021-08-25T11:30:34+00:00 CRITICAL Maximum execution time of 30 seconds exceeded in H:\xampp\htdocs\naturallycurly\wp-includes\wp-db.php on line 2056

2021-08-25T11:30:37+00:00 CRITICAL Maximum execution time of 30 seconds exceeded in H:\xampp\htdocs\naturallycurly\wp-includes\wp-db.php on line 2056

2021-08-25T11:30:46+00:00 CRITICAL Maximum execution time of 30 seconds exceeded in H:\xampp\htdocs\naturallycurly\wp-includes\wp-db.php on line 2056

2021-08-25T11:30:54+00:00 CRITICAL Maximum execution time of 30 seconds exceeded in H:\xampp\htdocs\naturallycurly\wp-includes\wp-db.php on line 2056

2021-08-25T11:31:03+00:00 CRITICAL Maximum execution time of 30 seconds exceeded in H:\xampp\htdocs\naturallycurly\wp-includes\wp-db.php on line 2056

2021-08-25T11:31:11+00:00 CRITICAL Maximum execution time of 30 seconds exceeded in H:\xampp\htdocs\naturallycurly\wp-includes\wp-db.php on line 2056

