2021-08-11T04:44:01+00:00 CRITICAL Maximum execution time of 30 seconds exceeded in H:\xampp\htdocs\naturallycurly\wp-includes\wp-db.php on line 2056

2021-08-11T04:45:23+00:00 CRITICAL Maximum execution time of 30 seconds exceeded in H:\xampp\htdocs\naturallycurly\wp-includes\wp-db.php on line 2056

2021-08-11T05:21:46+00:00 CRITICAL syntax error, unexpected 'wp_nav_menu' (T_STRING) in H:\xampp\htdocs\naturallycurly\wp-content\themes\naturallycurly\header.php on line 567

2021-08-11T05:49:29+00:00 CRITICAL Uncaught Error: Call to undefined function is_user_loggedin() in H:\xampp\htdocs\naturallycurly\wp-content\themes\naturallycurly\header.php:579
Stack trace:
#0 H:\xampp\htdocs\naturallycurly\wp-includes\template.php(770): require_once()
#1 H:\xampp\htdocs\naturallycurly\wp-includes\template.php(716): load_template('H:\\xampp\\htdocs...', true, Array)
#2 H:\xampp\htdocs\naturallycurly\wp-includes\general-template.php(48): locate_template(Array, true, true, Array)
#3 H:\xampp\htdocs\naturallycurly\wp-content\themes\naturallycurly\front-page.php(1): get_header()
#4 H:\xampp\htdocs\naturallycurly\wp-includes\template-loader.php(106): include('H:\\xampp\\htdocs...')
#5 H:\xampp\htdocs\naturallycurly\wp-blog-header.php(19): require_once('H:\\xampp\\htdocs...')
#6 H:\xampp\htdocs\naturallycurly\index.php(17): require('H:\\xampp\\htdocs...')
#7 {main}
  thrown in H:\xampp\htdocs\naturallycurly\wp-content\themes\naturallycurly\header.php on line 579

2021-08-11T06:56:11+00:00 CRITICAL syntax error, unexpected '?' in H:\xampp\htdocs\naturallycurly\wp-content\themes\naturallycurly\functions.php on line 96

2021-08-11T06:56:16+00:00 CRITICAL syntax error, unexpected '?' in H:\xampp\htdocs\naturallycurly\wp-content\themes\naturallycurly\functions.php on line 96

2021-08-11T06:57:15+00:00 CRITICAL syntax error, unexpected '?' in H:\xampp\htdocs\naturallycurly\wp-content\themes\naturallycurly\functions.php on line 96

2021-08-11T06:57:15+00:00 CRITICAL syntax error, unexpected '?' in H:\xampp\htdocs\naturallycurly\wp-content\themes\naturallycurly\functions.php on line 96

2021-08-11T06:57:17+00:00 CRITICAL syntax error, unexpected '?' in H:\xampp\htdocs\naturallycurly\wp-content\themes\naturallycurly\functions.php on line 96

2021-08-11T07:56:58+00:00 CRITICAL Cannot redeclare nc_videos_setup_post_type() (previously declared in H:\xampp\htdocs\naturallycurly\wp-content\themes\naturallycurly\functions.php:60) in H:\xampp\htdocs\naturallycurly\wp-content\themes\naturallycurly\functions.php on line 109

2021-08-11T07:56:58+00:00 CRITICAL Cannot redeclare nc_videos_setup_post_type() (previously declared in H:\xampp\htdocs\naturallycurly\wp-content\themes\naturallycurly\functions.php:60) in H:\xampp\htdocs\naturallycurly\wp-content\themes\naturallycurly\functions.php on line 109

2021-08-11T07:56:58+00:00 CRITICAL Cannot redeclare nc_videos_setup_post_type() (previously declared in H:\xampp\htdocs\naturallycurly\wp-content\themes\naturallycurly\functions.php:60) in H:\xampp\htdocs\naturallycurly\wp-content\themes\naturallycurly\functions.php on line 109

2021-08-11T07:56:59+00:00 CRITICAL Cannot redeclare nc_videos_setup_post_type() (previously declared in H:\xampp\htdocs\naturallycurly\wp-content\themes\naturallycurly\functions.php:60) in H:\xampp\htdocs\naturallycurly\wp-content\themes\naturallycurly\functions.php on line 109

2021-08-11T07:56:59+00:00 CRITICAL Cannot redeclare nc_videos_setup_post_type() (previously declared in H:\xampp\htdocs\naturallycurly\wp-content\themes\naturallycurly\functions.php:60) in H:\xampp\htdocs\naturallycurly\wp-content\themes\naturallycurly\functions.php on line 109

2021-08-11T07:57:00+00:00 CRITICAL Cannot redeclare nc_videos_setup_post_type() (previously declared in H:\xampp\htdocs\naturallycurly\wp-content\themes\naturallycurly\functions.php:60) in H:\xampp\htdocs\naturallycurly\wp-content\themes\naturallycurly\functions.php on line 109

2021-08-11T07:57:00+00:00 CRITICAL Cannot redeclare nc_videos_setup_post_type() (previously declared in H:\xampp\htdocs\naturallycurly\wp-content\themes\naturallycurly\functions.php:60) in H:\xampp\htdocs\naturallycurly\wp-content\themes\naturallycurly\functions.php on line 109

2021-08-11T07:57:01+00:00 CRITICAL Cannot redeclare nc_videos_setup_post_type() (previously declared in H:\xampp\htdocs\naturallycurly\wp-content\themes\naturallycurly\functions.php:60) in H:\xampp\htdocs\naturallycurly\wp-content\themes\naturallycurly\functions.php on line 109

2021-08-11T07:57:01+00:00 CRITICAL Cannot redeclare nc_videos_setup_post_type() (previously declared in H:\xampp\htdocs\naturallycurly\wp-content\themes\naturallycurly\functions.php:60) in H:\xampp\htdocs\naturallycurly\wp-content\themes\naturallycurly\functions.php on line 109

2021-08-11T07:57:01+00:00 CRITICAL Cannot redeclare nc_videos_setup_post_type() (previously declared in H:\xampp\htdocs\naturallycurly\wp-content\themes\naturallycurly\functions.php:60) in H:\xampp\htdocs\naturallycurly\wp-content\themes\naturallycurly\functions.php on line 109

2021-08-11T07:57:01+00:00 CRITICAL Cannot redeclare nc_videos_setup_post_type() (previously declared in H:\xampp\htdocs\naturallycurly\wp-content\themes\naturallycurly\functions.php:60) in H:\xampp\htdocs\naturallycurly\wp-content\themes\naturallycurly\functions.php on line 109

2021-08-11T07:57:02+00:00 CRITICAL Cannot redeclare nc_videos_setup_post_type() (previously declared in H:\xampp\htdocs\naturallycurly\wp-content\themes\naturallycurly\functions.php:60) in H:\xampp\htdocs\naturallycurly\wp-content\themes\naturallycurly\functions.php on line 109

2021-08-11T07:57:02+00:00 CRITICAL Cannot redeclare nc_videos_setup_post_type() (previously declared in H:\xampp\htdocs\naturallycurly\wp-content\themes\naturallycurly\functions.php:60) in H:\xampp\htdocs\naturallycurly\wp-content\themes\naturallycurly\functions.php on line 109

2021-08-11T07:57:02+00:00 CRITICAL Cannot redeclare nc_videos_setup_post_type() (previously declared in H:\xampp\htdocs\naturallycurly\wp-content\themes\naturallycurly\functions.php:60) in H:\xampp\htdocs\naturallycurly\wp-content\themes\naturallycurly\functions.php on line 109

2021-08-11T07:57:03+00:00 CRITICAL Cannot redeclare nc_videos_setup_post_type() (previously declared in H:\xampp\htdocs\naturallycurly\wp-content\themes\naturallycurly\functions.php:60) in H:\xampp\htdocs\naturallycurly\wp-content\themes\naturallycurly\functions.php on line 109

2021-08-11T07:57:03+00:00 CRITICAL Cannot redeclare nc_videos_setup_post_type() (previously declared in H:\xampp\htdocs\naturallycurly\wp-content\themes\naturallycurly\functions.php:60) in H:\xampp\htdocs\naturallycurly\wp-content\themes\naturallycurly\functions.php on line 109

2021-08-11T07:57:03+00:00 CRITICAL Cannot redeclare nc_videos_setup_post_type() (previously declared in H:\xampp\htdocs\naturallycurly\wp-content\themes\naturallycurly\functions.php:60) in H:\xampp\htdocs\naturallycurly\wp-content\themes\naturallycurly\functions.php on line 109

2021-08-11T07:57:03+00:00 CRITICAL Cannot redeclare nc_videos_setup_post_type() (previously declared in H:\xampp\htdocs\naturallycurly\wp-content\themes\naturallycurly\functions.php:60) in H:\xampp\htdocs\naturallycurly\wp-content\themes\naturallycurly\functions.php on line 109

2021-08-11T07:57:04+00:00 CRITICAL Cannot redeclare nc_videos_setup_post_type() (previously declared in H:\xampp\htdocs\naturallycurly\wp-content\themes\naturallycurly\functions.php:60) in H:\xampp\htdocs\naturallycurly\wp-content\themes\naturallycurly\functions.php on line 109

2021-08-11T07:57:04+00:00 CRITICAL Cannot redeclare nc_videos_setup_post_type() (previously declared in H:\xampp\htdocs\naturallycurly\wp-content\themes\naturallycurly\functions.php:60) in H:\xampp\htdocs\naturallycurly\wp-content\themes\naturallycurly\functions.php on line 109

2021-08-11T07:57:05+00:00 CRITICAL Cannot redeclare nc_videos_setup_post_type() (previously declared in H:\xampp\htdocs\naturallycurly\wp-content\themes\naturallycurly\functions.php:60) in H:\xampp\htdocs\naturallycurly\wp-content\themes\naturallycurly\functions.php on line 109

2021-08-11T07:57:05+00:00 CRITICAL Cannot redeclare nc_videos_setup_post_type() (previously declared in H:\xampp\htdocs\naturallycurly\wp-content\themes\naturallycurly\functions.php:60) in H:\xampp\htdocs\naturallycurly\wp-content\themes\naturallycurly\functions.php on line 109

2021-08-11T07:57:05+00:00 CRITICAL Cannot redeclare nc_videos_setup_post_type() (previously declared in H:\xampp\htdocs\naturallycurly\wp-content\themes\naturallycurly\functions.php:60) in H:\xampp\htdocs\naturallycurly\wp-content\themes\naturallycurly\functions.php on line 109

2021-08-11T07:57:06+00:00 CRITICAL Cannot redeclare nc_videos_setup_post_type() (previously declared in H:\xampp\htdocs\naturallycurly\wp-content\themes\naturallycurly\functions.php:60) in H:\xampp\htdocs\naturallycurly\wp-content\themes\naturallycurly\functions.php on line 109

2021-08-11T07:57:06+00:00 CRITICAL Cannot redeclare nc_videos_setup_post_type() (previously declared in H:\xampp\htdocs\naturallycurly\wp-content\themes\naturallycurly\functions.php:60) in H:\xampp\htdocs\naturallycurly\wp-content\themes\naturallycurly\functions.php on line 109

2021-08-11T07:57:06+00:00 CRITICAL Cannot redeclare nc_videos_setup_post_type() (previously declared in H:\xampp\htdocs\naturallycurly\wp-content\themes\naturallycurly\functions.php:60) in H:\xampp\htdocs\naturallycurly\wp-content\themes\naturallycurly\functions.php on line 109

2021-08-11T07:57:06+00:00 CRITICAL Cannot redeclare nc_videos_setup_post_type() (previously declared in H:\xampp\htdocs\naturallycurly\wp-content\themes\naturallycurly\functions.php:60) in H:\xampp\htdocs\naturallycurly\wp-content\themes\naturallycurly\functions.php on line 109

2021-08-11T07:57:07+00:00 CRITICAL Cannot redeclare nc_videos_setup_post_type() (previously declared in H:\xampp\htdocs\naturallycurly\wp-content\themes\naturallycurly\functions.php:60) in H:\xampp\htdocs\naturallycurly\wp-content\themes\naturallycurly\functions.php on line 109

2021-08-11T07:57:07+00:00 CRITICAL Cannot redeclare nc_videos_setup_post_type() (previously declared in H:\xampp\htdocs\naturallycurly\wp-content\themes\naturallycurly\functions.php:60) in H:\xampp\htdocs\naturallycurly\wp-content\themes\naturallycurly\functions.php on line 109

2021-08-11T07:57:07+00:00 CRITICAL Cannot redeclare nc_videos_setup_post_type() (previously declared in H:\xampp\htdocs\naturallycurly\wp-content\themes\naturallycurly\functions.php:60) in H:\xampp\htdocs\naturallycurly\wp-content\themes\naturallycurly\functions.php on line 109

2021-08-11T07:57:08+00:00 CRITICAL Cannot redeclare nc_videos_setup_post_type() (previously declared in H:\xampp\htdocs\naturallycurly\wp-content\themes\naturallycurly\functions.php:60) in H:\xampp\htdocs\naturallycurly\wp-content\themes\naturallycurly\functions.php on line 109

2021-08-11T07:57:08+00:00 CRITICAL Cannot redeclare nc_videos_setup_post_type() (previously declared in H:\xampp\htdocs\naturallycurly\wp-content\themes\naturallycurly\functions.php:60) in H:\xampp\htdocs\naturallycurly\wp-content\themes\naturallycurly\functions.php on line 109

2021-08-11T07:57:09+00:00 CRITICAL Cannot redeclare nc_videos_setup_post_type() (previously declared in H:\xampp\htdocs\naturallycurly\wp-content\themes\naturallycurly\functions.php:60) in H:\xampp\htdocs\naturallycurly\wp-content\themes\naturallycurly\functions.php on line 109

2021-08-11T07:57:09+00:00 CRITICAL Cannot redeclare nc_videos_setup_post_type() (previously declared in H:\xampp\htdocs\naturallycurly\wp-content\themes\naturallycurly\functions.php:60) in H:\xampp\htdocs\naturallycurly\wp-content\themes\naturallycurly\functions.php on line 109

2021-08-11T07:57:09+00:00 CRITICAL Cannot redeclare nc_videos_setup_post_type() (previously declared in H:\xampp\htdocs\naturallycurly\wp-content\themes\naturallycurly\functions.php:60) in H:\xampp\htdocs\naturallycurly\wp-content\themes\naturallycurly\functions.php on line 109

2021-08-11T07:57:10+00:00 CRITICAL Cannot redeclare nc_videos_setup_post_type() (previously declared in H:\xampp\htdocs\naturallycurly\wp-content\themes\naturallycurly\functions.php:60) in H:\xampp\htdocs\naturallycurly\wp-content\themes\naturallycurly\functions.php on line 109

2021-08-11T07:57:10+00:00 CRITICAL Cannot redeclare nc_videos_setup_post_type() (previously declared in H:\xampp\htdocs\naturallycurly\wp-content\themes\naturallycurly\functions.php:60) in H:\xampp\htdocs\naturallycurly\wp-content\themes\naturallycurly\functions.php on line 109

2021-08-11T07:57:10+00:00 CRITICAL Cannot redeclare nc_videos_setup_post_type() (previously declared in H:\xampp\htdocs\naturallycurly\wp-content\themes\naturallycurly\functions.php:60) in H:\xampp\htdocs\naturallycurly\wp-content\themes\naturallycurly\functions.php on line 109

2021-08-11T07:57:10+00:00 CRITICAL Cannot redeclare nc_videos_setup_post_type() (previously declared in H:\xampp\htdocs\naturallycurly\wp-content\themes\naturallycurly\functions.php:60) in H:\xampp\htdocs\naturallycurly\wp-content\themes\naturallycurly\functions.php on line 109

2021-08-11T07:57:11+00:00 CRITICAL Cannot redeclare nc_videos_setup_post_type() (previously declared in H:\xampp\htdocs\naturallycurly\wp-content\themes\naturallycurly\functions.php:60) in H:\xampp\htdocs\naturallycurly\wp-content\themes\naturallycurly\functions.php on line 109

2021-08-11T07:57:11+00:00 CRITICAL Cannot redeclare nc_videos_setup_post_type() (previously declared in H:\xampp\htdocs\naturallycurly\wp-content\themes\naturallycurly\functions.php:60) in H:\xampp\htdocs\naturallycurly\wp-content\themes\naturallycurly\functions.php on line 109

2021-08-11T07:57:11+00:00 CRITICAL Cannot redeclare nc_videos_setup_post_type() (previously declared in H:\xampp\htdocs\naturallycurly\wp-content\themes\naturallycurly\functions.php:60) in H:\xampp\htdocs\naturallycurly\wp-content\themes\naturallycurly\functions.php on line 109

2021-08-11T07:57:12+00:00 CRITICAL Cannot redeclare nc_videos_setup_post_type() (previously declared in H:\xampp\htdocs\naturallycurly\wp-content\themes\naturallycurly\functions.php:60) in H:\xampp\htdocs\naturallycurly\wp-content\themes\naturallycurly\functions.php on line 109

2021-08-11T07:57:12+00:00 CRITICAL Cannot redeclare nc_videos_setup_post_type() (previously declared in H:\xampp\htdocs\naturallycurly\wp-content\themes\naturallycurly\functions.php:60) in H:\xampp\htdocs\naturallycurly\wp-content\themes\naturallycurly\functions.php on line 109

2021-08-11T07:57:12+00:00 CRITICAL Cannot redeclare nc_videos_setup_post_type() (previously declared in H:\xampp\htdocs\naturallycurly\wp-content\themes\naturallycurly\functions.php:60) in H:\xampp\htdocs\naturallycurly\wp-content\themes\naturallycurly\functions.php on line 109

2021-08-11T07:57:12+00:00 CRITICAL Cannot redeclare nc_videos_setup_post_type() (previously declared in H:\xampp\htdocs\naturallycurly\wp-content\themes\naturallycurly\functions.php:60) in H:\xampp\htdocs\naturallycurly\wp-content\themes\naturallycurly\functions.php on line 109

2021-08-11T07:57:13+00:00 CRITICAL Cannot redeclare nc_videos_setup_post_type() (previously declared in H:\xampp\htdocs\naturallycurly\wp-content\themes\naturallycurly\functions.php:60) in H:\xampp\htdocs\naturallycurly\wp-content\themes\naturallycurly\functions.php on line 109

2021-08-11T07:57:13+00:00 CRITICAL Cannot redeclare nc_videos_setup_post_type() (previously declared in H:\xampp\htdocs\naturallycurly\wp-content\themes\naturallycurly\functions.php:60) in H:\xampp\htdocs\naturallycurly\wp-content\themes\naturallycurly\functions.php on line 109

2021-08-11T07:57:14+00:00 CRITICAL Cannot redeclare nc_videos_setup_post_type() (previously declared in H:\xampp\htdocs\naturallycurly\wp-content\themes\naturallycurly\functions.php:60) in H:\xampp\htdocs\naturallycurly\wp-content\themes\naturallycurly\functions.php on line 109

2021-08-11T07:57:14+00:00 CRITICAL Cannot redeclare nc_videos_setup_post_type() (previously declared in H:\xampp\htdocs\naturallycurly\wp-content\themes\naturallycurly\functions.php:60) in H:\xampp\htdocs\naturallycurly\wp-content\themes\naturallycurly\functions.php on line 109

2021-08-11T07:57:15+00:00 CRITICAL Cannot redeclare nc_videos_setup_post_type() (previously declared in H:\xampp\htdocs\naturallycurly\wp-content\themes\naturallycurly\functions.php:60) in H:\xampp\htdocs\naturallycurly\wp-content\themes\naturallycurly\functions.php on line 109

2021-08-11T07:57:15+00:00 CRITICAL Cannot redeclare nc_videos_setup_post_type() (previously declared in H:\xampp\htdocs\naturallycurly\wp-content\themes\naturallycurly\functions.php:60) in H:\xampp\htdocs\naturallycurly\wp-content\themes\naturallycurly\functions.php on line 109

2021-08-11T07:57:15+00:00 CRITICAL Cannot redeclare nc_videos_setup_post_type() (previously declared in H:\xampp\htdocs\naturallycurly\wp-content\themes\naturallycurly\functions.php:60) in H:\xampp\htdocs\naturallycurly\wp-content\themes\naturallycurly\functions.php on line 109

2021-08-11T07:57:15+00:00 CRITICAL Cannot redeclare nc_videos_setup_post_type() (previously declared in H:\xampp\htdocs\naturallycurly\wp-content\themes\naturallycurly\functions.php:60) in H:\xampp\htdocs\naturallycurly\wp-content\themes\naturallycurly\functions.php on line 109

2021-08-11T07:57:16+00:00 CRITICAL Cannot redeclare nc_videos_setup_post_type() (previously declared in H:\xampp\htdocs\naturallycurly\wp-content\themes\naturallycurly\functions.php:60) in H:\xampp\htdocs\naturallycurly\wp-content\themes\naturallycurly\functions.php on line 109

2021-08-11T07:57:16+00:00 CRITICAL Cannot redeclare nc_videos_setup_post_type() (previously declared in H:\xampp\htdocs\naturallycurly\wp-content\themes\naturallycurly\functions.php:60) in H:\xampp\htdocs\naturallycurly\wp-content\themes\naturallycurly\functions.php on line 109

2021-08-11T07:57:16+00:00 CRITICAL Cannot redeclare nc_videos_setup_post_type() (previously declared in H:\xampp\htdocs\naturallycurly\wp-content\themes\naturallycurly\functions.php:60) in H:\xampp\htdocs\naturallycurly\wp-content\themes\naturallycurly\functions.php on line 109

2021-08-11T07:57:16+00:00 CRITICAL Cannot redeclare nc_videos_setup_post_type() (previously declared in H:\xampp\htdocs\naturallycurly\wp-content\themes\naturallycurly\functions.php:60) in H:\xampp\htdocs\naturallycurly\wp-content\themes\naturallycurly\functions.php on line 109

2021-08-11T07:57:17+00:00 CRITICAL Cannot redeclare nc_videos_setup_post_type() (previously declared in H:\xampp\htdocs\naturallycurly\wp-content\themes\naturallycurly\functions.php:60) in H:\xampp\htdocs\naturallycurly\wp-content\themes\naturallycurly\functions.php on line 109

2021-08-11T07:57:17+00:00 CRITICAL Cannot redeclare nc_videos_setup_post_type() (previously declared in H:\xampp\htdocs\naturallycurly\wp-content\themes\naturallycurly\functions.php:60) in H:\xampp\htdocs\naturallycurly\wp-content\themes\naturallycurly\functions.php on line 109

2021-08-11T07:57:17+00:00 CRITICAL Cannot redeclare nc_videos_setup_post_type() (previously declared in H:\xampp\htdocs\naturallycurly\wp-content\themes\naturallycurly\functions.php:60) in H:\xampp\htdocs\naturallycurly\wp-content\themes\naturallycurly\functions.php on line 109

2021-08-11T07:57:18+00:00 CRITICAL Cannot redeclare nc_videos_setup_post_type() (previously declared in H:\xampp\htdocs\naturallycurly\wp-content\themes\naturallycurly\functions.php:60) in H:\xampp\htdocs\naturallycurly\wp-content\themes\naturallycurly\functions.php on line 109

2021-08-11T07:57:18+00:00 CRITICAL Cannot redeclare nc_videos_setup_post_type() (previously declared in H:\xampp\htdocs\naturallycurly\wp-content\themes\naturallycurly\functions.php:60) in H:\xampp\htdocs\naturallycurly\wp-content\themes\naturallycurly\functions.php on line 109

2021-08-11T07:57:18+00:00 CRITICAL Cannot redeclare nc_videos_setup_post_type() (previously declared in H:\xampp\htdocs\naturallycurly\wp-content\themes\naturallycurly\functions.php:60) in H:\xampp\htdocs\naturallycurly\wp-content\themes\naturallycurly\functions.php on line 109

2021-08-11T07:57:19+00:00 CRITICAL Cannot redeclare nc_videos_setup_post_type() (previously declared in H:\xampp\htdocs\naturallycurly\wp-content\themes\naturallycurly\functions.php:60) in H:\xampp\htdocs\naturallycurly\wp-content\themes\naturallycurly\functions.php on line 109

2021-08-11T07:57:19+00:00 CRITICAL Cannot redeclare nc_videos_setup_post_type() (previously declared in H:\xampp\htdocs\naturallycurly\wp-content\themes\naturallycurly\functions.php:60) in H:\xampp\htdocs\naturallycurly\wp-content\themes\naturallycurly\functions.php on line 109

2021-08-11T07:57:19+00:00 CRITICAL Cannot redeclare nc_videos_setup_post_type() (previously declared in H:\xampp\htdocs\naturallycurly\wp-content\themes\naturallycurly\functions.php:60) in H:\xampp\htdocs\naturallycurly\wp-content\themes\naturallycurly\functions.php on line 109

2021-08-11T07:57:19+00:00 CRITICAL Cannot redeclare nc_videos_setup_post_type() (previously declared in H:\xampp\htdocs\naturallycurly\wp-content\themes\naturallycurly\functions.php:60) in H:\xampp\htdocs\naturallycurly\wp-content\themes\naturallycurly\functions.php on line 109

2021-08-11T07:57:19+00:00 CRITICAL Cannot redeclare nc_videos_setup_post_type() (previously declared in H:\xampp\htdocs\naturallycurly\wp-content\themes\naturallycurly\functions.php:60) in H:\xampp\htdocs\naturallycurly\wp-content\themes\naturallycurly\functions.php on line 109

2021-08-11T07:57:20+00:00 CRITICAL Cannot redeclare nc_videos_setup_post_type() (previously declared in H:\xampp\htdocs\naturallycurly\wp-content\themes\naturallycurly\functions.php:60) in H:\xampp\htdocs\naturallycurly\wp-content\themes\naturallycurly\functions.php on line 109

2021-08-11T07:57:21+00:00 CRITICAL Cannot redeclare nc_videos_setup_post_type() (previously declared in H:\xampp\htdocs\naturallycurly\wp-content\themes\naturallycurly\functions.php:60) in H:\xampp\htdocs\naturallycurly\wp-content\themes\naturallycurly\functions.php on line 109

2021-08-11T07:57:21+00:00 CRITICAL Cannot redeclare nc_videos_setup_post_type() (previously declared in H:\xampp\htdocs\naturallycurly\wp-content\themes\naturallycurly\functions.php:60) in H:\xampp\htdocs\naturallycurly\wp-content\themes\naturallycurly\functions.php on line 109

2021-08-11T07:57:21+00:00 CRITICAL Cannot redeclare nc_videos_setup_post_type() (previously declared in H:\xampp\htdocs\naturallycurly\wp-content\themes\naturallycurly\functions.php:60) in H:\xampp\htdocs\naturallycurly\wp-content\themes\naturallycurly\functions.php on line 109

2021-08-11T07:57:22+00:00 CRITICAL Cannot redeclare nc_videos_setup_post_type() (previously declared in H:\xampp\htdocs\naturallycurly\wp-content\themes\naturallycurly\functions.php:60) in H:\xampp\htdocs\naturallycurly\wp-content\themes\naturallycurly\functions.php on line 109

2021-08-11T07:57:22+00:00 CRITICAL Cannot redeclare nc_videos_setup_post_type() (previously declared in H:\xampp\htdocs\naturallycurly\wp-content\themes\naturallycurly\functions.php:60) in H:\xampp\htdocs\naturallycurly\wp-content\themes\naturallycurly\functions.php on line 109

2021-08-11T07:57:22+00:00 CRITICAL Cannot redeclare nc_videos_setup_post_type() (previously declared in H:\xampp\htdocs\naturallycurly\wp-content\themes\naturallycurly\functions.php:60) in H:\xampp\htdocs\naturallycurly\wp-content\themes\naturallycurly\functions.php on line 109

2021-08-11T07:57:22+00:00 CRITICAL Cannot redeclare nc_videos_setup_post_type() (previously declared in H:\xampp\htdocs\naturallycurly\wp-content\themes\naturallycurly\functions.php:60) in H:\xampp\htdocs\naturallycurly\wp-content\themes\naturallycurly\functions.php on line 109

2021-08-11T07:57:23+00:00 CRITICAL Cannot redeclare nc_videos_setup_post_type() (previously declared in H:\xampp\htdocs\naturallycurly\wp-content\themes\naturallycurly\functions.php:60) in H:\xampp\htdocs\naturallycurly\wp-content\themes\naturallycurly\functions.php on line 109

2021-08-11T07:57:23+00:00 CRITICAL Cannot redeclare nc_videos_setup_post_type() (previously declared in H:\xampp\htdocs\naturallycurly\wp-content\themes\naturallycurly\functions.php:60) in H:\xampp\htdocs\naturallycurly\wp-content\themes\naturallycurly\functions.php on line 109

2021-08-11T07:57:23+00:00 CRITICAL Cannot redeclare nc_videos_setup_post_type() (previously declared in H:\xampp\htdocs\naturallycurly\wp-content\themes\naturallycurly\functions.php:60) in H:\xampp\htdocs\naturallycurly\wp-content\themes\naturallycurly\functions.php on line 109

2021-08-11T07:57:25+00:00 CRITICAL Cannot redeclare nc_videos_setup_post_type() (previously declared in H:\xampp\htdocs\naturallycurly\wp-content\themes\naturallycurly\functions.php:60) in H:\xampp\htdocs\naturallycurly\wp-content\themes\naturallycurly\functions.php on line 109

2021-08-11T07:57:25+00:00 CRITICAL Cannot redeclare nc_videos_setup_post_type() (previously declared in H:\xampp\htdocs\naturallycurly\wp-content\themes\naturallycurly\functions.php:60) in H:\xampp\htdocs\naturallycurly\wp-content\themes\naturallycurly\functions.php on line 109

2021-08-11T07:57:25+00:00 CRITICAL Cannot redeclare nc_videos_setup_post_type() (previously declared in H:\xampp\htdocs\naturallycurly\wp-content\themes\naturallycurly\functions.php:60) in H:\xampp\htdocs\naturallycurly\wp-content\themes\naturallycurly\functions.php on line 109

2021-08-11T07:57:25+00:00 CRITICAL Cannot redeclare nc_videos_setup_post_type() (previously declared in H:\xampp\htdocs\naturallycurly\wp-content\themes\naturallycurly\functions.php:60) in H:\xampp\htdocs\naturallycurly\wp-content\themes\naturallycurly\functions.php on line 109

2021-08-11T07:57:26+00:00 CRITICAL Cannot redeclare nc_videos_setup_post_type() (previously declared in H:\xampp\htdocs\naturallycurly\wp-content\themes\naturallycurly\functions.php:60) in H:\xampp\htdocs\naturallycurly\wp-content\themes\naturallycurly\functions.php on line 109

2021-08-11T07:57:26+00:00 CRITICAL Cannot redeclare nc_videos_setup_post_type() (previously declared in H:\xampp\htdocs\naturallycurly\wp-content\themes\naturallycurly\functions.php:60) in H:\xampp\htdocs\naturallycurly\wp-content\themes\naturallycurly\functions.php on line 109

2021-08-11T07:57:26+00:00 CRITICAL Cannot redeclare nc_videos_setup_post_type() (previously declared in H:\xampp\htdocs\naturallycurly\wp-content\themes\naturallycurly\functions.php:60) in H:\xampp\htdocs\naturallycurly\wp-content\themes\naturallycurly\functions.php on line 109

2021-08-11T07:57:26+00:00 CRITICAL Cannot redeclare nc_videos_setup_post_type() (previously declared in H:\xampp\htdocs\naturallycurly\wp-content\themes\naturallycurly\functions.php:60) in H:\xampp\htdocs\naturallycurly\wp-content\themes\naturallycurly\functions.php on line 109

2021-08-11T07:57:28+00:00 CRITICAL Cannot redeclare nc_videos_setup_post_type() (previously declared in H:\xampp\htdocs\naturallycurly\wp-content\themes\naturallycurly\functions.php:60) in H:\xampp\htdocs\naturallycurly\wp-content\themes\naturallycurly\functions.php on line 109

2021-08-11T07:57:28+00:00 CRITICAL Cannot redeclare nc_videos_setup_post_type() (previously declared in H:\xampp\htdocs\naturallycurly\wp-content\themes\naturallycurly\functions.php:60) in H:\xampp\htdocs\naturallycurly\wp-content\themes\naturallycurly\functions.php on line 109

2021-08-11T07:57:28+00:00 CRITICAL Cannot redeclare nc_videos_setup_post_type() (previously declared in H:\xampp\htdocs\naturallycurly\wp-content\themes\naturallycurly\functions.php:60) in H:\xampp\htdocs\naturallycurly\wp-content\themes\naturallycurly\functions.php on line 109

2021-08-11T07:57:28+00:00 CRITICAL Cannot redeclare nc_videos_setup_post_type() (previously declared in H:\xampp\htdocs\naturallycurly\wp-content\themes\naturallycurly\functions.php:60) in H:\xampp\htdocs\naturallycurly\wp-content\themes\naturallycurly\functions.php on line 109

2021-08-11T07:57:28+00:00 CRITICAL Cannot redeclare nc_videos_setup_post_type() (previously declared in H:\xampp\htdocs\naturallycurly\wp-content\themes\naturallycurly\functions.php:60) in H:\xampp\htdocs\naturallycurly\wp-content\themes\naturallycurly\functions.php on line 109

2021-08-11T07:57:28+00:00 CRITICAL Cannot redeclare nc_videos_setup_post_type() (previously declared in H:\xampp\htdocs\naturallycurly\wp-content\themes\naturallycurly\functions.php:60) in H:\xampp\htdocs\naturallycurly\wp-content\themes\naturallycurly\functions.php on line 109

2021-08-11T07:57:29+00:00 CRITICAL Cannot redeclare nc_videos_setup_post_type() (previously declared in H:\xampp\htdocs\naturallycurly\wp-content\themes\naturallycurly\functions.php:60) in H:\xampp\htdocs\naturallycurly\wp-content\themes\naturallycurly\functions.php on line 109

2021-08-11T07:57:29+00:00 CRITICAL Cannot redeclare nc_videos_setup_post_type() (previously declared in H:\xampp\htdocs\naturallycurly\wp-content\themes\naturallycurly\functions.php:60) in H:\xampp\htdocs\naturallycurly\wp-content\themes\naturallycurly\functions.php on line 109

2021-08-11T07:57:30+00:00 CRITICAL Cannot redeclare nc_videos_setup_post_type() (previously declared in H:\xampp\htdocs\naturallycurly\wp-content\themes\naturallycurly\functions.php:60) in H:\xampp\htdocs\naturallycurly\wp-content\themes\naturallycurly\functions.php on line 109

2021-08-11T07:57:30+00:00 CRITICAL Cannot redeclare nc_videos_setup_post_type() (previously declared in H:\xampp\htdocs\naturallycurly\wp-content\themes\naturallycurly\functions.php:60) in H:\xampp\htdocs\naturallycurly\wp-content\themes\naturallycurly\functions.php on line 109

2021-08-11T07:57:30+00:00 CRITICAL Cannot redeclare nc_videos_setup_post_type() (previously declared in H:\xampp\htdocs\naturallycurly\wp-content\themes\naturallycurly\functions.php:60) in H:\xampp\htdocs\naturallycurly\wp-content\themes\naturallycurly\functions.php on line 109

2021-08-11T07:57:31+00:00 CRITICAL Cannot redeclare nc_videos_setup_post_type() (previously declared in H:\xampp\htdocs\naturallycurly\wp-content\themes\naturallycurly\functions.php:60) in H:\xampp\htdocs\naturallycurly\wp-content\themes\naturallycurly\functions.php on line 109

2021-08-11T07:57:31+00:00 CRITICAL Cannot redeclare nc_videos_setup_post_type() (previously declared in H:\xampp\htdocs\naturallycurly\wp-content\themes\naturallycurly\functions.php:60) in H:\xampp\htdocs\naturallycurly\wp-content\themes\naturallycurly\functions.php on line 109

2021-08-11T07:57:31+00:00 CRITICAL Cannot redeclare nc_videos_setup_post_type() (previously declared in H:\xampp\htdocs\naturallycurly\wp-content\themes\naturallycurly\functions.php:60) in H:\xampp\htdocs\naturallycurly\wp-content\themes\naturallycurly\functions.php on line 109

2021-08-11T07:57:32+00:00 CRITICAL Cannot redeclare nc_videos_setup_post_type() (previously declared in H:\xampp\htdocs\naturallycurly\wp-content\themes\naturallycurly\functions.php:60) in H:\xampp\htdocs\naturallycurly\wp-content\themes\naturallycurly\functions.php on line 109

2021-08-11T07:57:32+00:00 CRITICAL Cannot redeclare nc_videos_setup_post_type() (previously declared in H:\xampp\htdocs\naturallycurly\wp-content\themes\naturallycurly\functions.php:60) in H:\xampp\htdocs\naturallycurly\wp-content\themes\naturallycurly\functions.php on line 109

2021-08-11T07:57:32+00:00 CRITICAL Cannot redeclare nc_videos_setup_post_type() (previously declared in H:\xampp\htdocs\naturallycurly\wp-content\themes\naturallycurly\functions.php:60) in H:\xampp\htdocs\naturallycurly\wp-content\themes\naturallycurly\functions.php on line 109

2021-08-11T07:57:33+00:00 CRITICAL Cannot redeclare nc_videos_setup_post_type() (previously declared in H:\xampp\htdocs\naturallycurly\wp-content\themes\naturallycurly\functions.php:60) in H:\xampp\htdocs\naturallycurly\wp-content\themes\naturallycurly\functions.php on line 109

2021-08-11T07:57:33+00:00 CRITICAL Cannot redeclare nc_videos_setup_post_type() (previously declared in H:\xampp\htdocs\naturallycurly\wp-content\themes\naturallycurly\functions.php:60) in H:\xampp\htdocs\naturallycurly\wp-content\themes\naturallycurly\functions.php on line 109

2021-08-11T07:57:33+00:00 CRITICAL Cannot redeclare nc_videos_setup_post_type() (previously declared in H:\xampp\htdocs\naturallycurly\wp-content\themes\naturallycurly\functions.php:60) in H:\xampp\htdocs\naturallycurly\wp-content\themes\naturallycurly\functions.php on line 109

2021-08-11T07:57:33+00:00 CRITICAL Cannot redeclare nc_videos_setup_post_type() (previously declared in H:\xampp\htdocs\naturallycurly\wp-content\themes\naturallycurly\functions.php:60) in H:\xampp\htdocs\naturallycurly\wp-content\themes\naturallycurly\functions.php on line 109

2021-08-11T07:57:34+00:00 CRITICAL Cannot redeclare nc_videos_setup_post_type() (previously declared in H:\xampp\htdocs\naturallycurly\wp-content\themes\naturallycurly\functions.php:60) in H:\xampp\htdocs\naturallycurly\wp-content\themes\naturallycurly\functions.php on line 109

2021-08-11T07:57:34+00:00 CRITICAL Cannot redeclare nc_videos_setup_post_type() (previously declared in H:\xampp\htdocs\naturallycurly\wp-content\themes\naturallycurly\functions.php:60) in H:\xampp\htdocs\naturallycurly\wp-content\themes\naturallycurly\functions.php on line 109

2021-08-11T07:57:34+00:00 CRITICAL Cannot redeclare nc_videos_setup_post_type() (previously declared in H:\xampp\htdocs\naturallycurly\wp-content\themes\naturallycurly\functions.php:60) in H:\xampp\htdocs\naturallycurly\wp-content\themes\naturallycurly\functions.php on line 109

2021-08-11T07:57:34+00:00 CRITICAL Cannot redeclare nc_videos_setup_post_type() (previously declared in H:\xampp\htdocs\naturallycurly\wp-content\themes\naturallycurly\functions.php:60) in H:\xampp\htdocs\naturallycurly\wp-content\themes\naturallycurly\functions.php on line 109

2021-08-11T07:57:35+00:00 CRITICAL Cannot redeclare nc_videos_setup_post_type() (previously declared in H:\xampp\htdocs\naturallycurly\wp-content\themes\naturallycurly\functions.php:60) in H:\xampp\htdocs\naturallycurly\wp-content\themes\naturallycurly\functions.php on line 109

2021-08-11T07:57:35+00:00 CRITICAL Cannot redeclare nc_videos_setup_post_type() (previously declared in H:\xampp\htdocs\naturallycurly\wp-content\themes\naturallycurly\functions.php:60) in H:\xampp\htdocs\naturallycurly\wp-content\themes\naturallycurly\functions.php on line 109

2021-08-11T07:57:35+00:00 CRITICAL Cannot redeclare nc_videos_setup_post_type() (previously declared in H:\xampp\htdocs\naturallycurly\wp-content\themes\naturallycurly\functions.php:60) in H:\xampp\htdocs\naturallycurly\wp-content\themes\naturallycurly\functions.php on line 109

2021-08-11T07:57:35+00:00 CRITICAL Cannot redeclare nc_videos_setup_post_type() (previously declared in H:\xampp\htdocs\naturallycurly\wp-content\themes\naturallycurly\functions.php:60) in H:\xampp\htdocs\naturallycurly\wp-content\themes\naturallycurly\functions.php on line 109

2021-08-11T07:57:36+00:00 CRITICAL Cannot redeclare nc_videos_setup_post_type() (previously declared in H:\xampp\htdocs\naturallycurly\wp-content\themes\naturallycurly\functions.php:60) in H:\xampp\htdocs\naturallycurly\wp-content\themes\naturallycurly\functions.php on line 109

2021-08-11T07:57:37+00:00 CRITICAL Cannot redeclare nc_videos_setup_post_type() (previously declared in H:\xampp\htdocs\naturallycurly\wp-content\themes\naturallycurly\functions.php:60) in H:\xampp\htdocs\naturallycurly\wp-content\themes\naturallycurly\functions.php on line 109

2021-08-11T07:57:37+00:00 CRITICAL Cannot redeclare nc_videos_setup_post_type() (previously declared in H:\xampp\htdocs\naturallycurly\wp-content\themes\naturallycurly\functions.php:60) in H:\xampp\htdocs\naturallycurly\wp-content\themes\naturallycurly\functions.php on line 109

2021-08-11T07:57:37+00:00 CRITICAL Cannot redeclare nc_videos_setup_post_type() (previously declared in H:\xampp\htdocs\naturallycurly\wp-content\themes\naturallycurly\functions.php:60) in H:\xampp\htdocs\naturallycurly\wp-content\themes\naturallycurly\functions.php on line 109

2021-08-11T07:57:37+00:00 CRITICAL Cannot redeclare nc_videos_setup_post_type() (previously declared in H:\xampp\htdocs\naturallycurly\wp-content\themes\naturallycurly\functions.php:60) in H:\xampp\htdocs\naturallycurly\wp-content\themes\naturallycurly\functions.php on line 109

2021-08-11T07:57:38+00:00 CRITICAL Cannot redeclare nc_videos_setup_post_type() (previously declared in H:\xampp\htdocs\naturallycurly\wp-content\themes\naturallycurly\functions.php:60) in H:\xampp\htdocs\naturallycurly\wp-content\themes\naturallycurly\functions.php on line 109

2021-08-11T07:57:38+00:00 CRITICAL Cannot redeclare nc_videos_setup_post_type() (previously declared in H:\xampp\htdocs\naturallycurly\wp-content\themes\naturallycurly\functions.php:60) in H:\xampp\htdocs\naturallycurly\wp-content\themes\naturallycurly\functions.php on line 109

2021-08-11T07:57:38+00:00 CRITICAL Cannot redeclare nc_videos_setup_post_type() (previously declared in H:\xampp\htdocs\naturallycurly\wp-content\themes\naturallycurly\functions.php:60) in H:\xampp\htdocs\naturallycurly\wp-content\themes\naturallycurly\functions.php on line 109

2021-08-11T07:57:39+00:00 CRITICAL Cannot redeclare nc_videos_setup_post_type() (previously declared in H:\xampp\htdocs\naturallycurly\wp-content\themes\naturallycurly\functions.php:60) in H:\xampp\htdocs\naturallycurly\wp-content\themes\naturallycurly\functions.php on line 109

2021-08-11T07:57:39+00:00 CRITICAL Cannot redeclare nc_videos_setup_post_type() (previously declared in H:\xampp\htdocs\naturallycurly\wp-content\themes\naturallycurly\functions.php:60) in H:\xampp\htdocs\naturallycurly\wp-content\themes\naturallycurly\functions.php on line 109

2021-08-11T07:57:39+00:00 CRITICAL Cannot redeclare nc_videos_setup_post_type() (previously declared in H:\xampp\htdocs\naturallycurly\wp-content\themes\naturallycurly\functions.php:60) in H:\xampp\htdocs\naturallycurly\wp-content\themes\naturallycurly\functions.php on line 109

2021-08-11T07:57:40+00:00 CRITICAL Cannot redeclare nc_videos_setup_post_type() (previously declared in H:\xampp\htdocs\naturallycurly\wp-content\themes\naturallycurly\functions.php:60) in H:\xampp\htdocs\naturallycurly\wp-content\themes\naturallycurly\functions.php on line 109

2021-08-11T07:57:40+00:00 CRITICAL Cannot redeclare nc_videos_setup_post_type() (previously declared in H:\xampp\htdocs\naturallycurly\wp-content\themes\naturallycurly\functions.php:60) in H:\xampp\htdocs\naturallycurly\wp-content\themes\naturallycurly\functions.php on line 109

2021-08-11T07:57:40+00:00 CRITICAL Cannot redeclare nc_videos_setup_post_type() (previously declared in H:\xampp\htdocs\naturallycurly\wp-content\themes\naturallycurly\functions.php:60) in H:\xampp\htdocs\naturallycurly\wp-content\themes\naturallycurly\functions.php on line 109

2021-08-11T07:57:40+00:00 CRITICAL Cannot redeclare nc_videos_setup_post_type() (previously declared in H:\xampp\htdocs\naturallycurly\wp-content\themes\naturallycurly\functions.php:60) in H:\xampp\htdocs\naturallycurly\wp-content\themes\naturallycurly\functions.php on line 109

2021-08-11T07:57:41+00:00 CRITICAL Cannot redeclare nc_videos_setup_post_type() (previously declared in H:\xampp\htdocs\naturallycurly\wp-content\themes\naturallycurly\functions.php:60) in H:\xampp\htdocs\naturallycurly\wp-content\themes\naturallycurly\functions.php on line 109

2021-08-11T07:57:41+00:00 CRITICAL Cannot redeclare nc_videos_setup_post_type() (previously declared in H:\xampp\htdocs\naturallycurly\wp-content\themes\naturallycurly\functions.php:60) in H:\xampp\htdocs\naturallycurly\wp-content\themes\naturallycurly\functions.php on line 109

2021-08-11T07:57:42+00:00 CRITICAL Cannot redeclare nc_videos_setup_post_type() (previously declared in H:\xampp\htdocs\naturallycurly\wp-content\themes\naturallycurly\functions.php:60) in H:\xampp\htdocs\naturallycurly\wp-content\themes\naturallycurly\functions.php on line 109

2021-08-11T07:57:42+00:00 CRITICAL Cannot redeclare nc_videos_setup_post_type() (previously declared in H:\xampp\htdocs\naturallycurly\wp-content\themes\naturallycurly\functions.php:60) in H:\xampp\htdocs\naturallycurly\wp-content\themes\naturallycurly\functions.php on line 109

2021-08-11T07:57:43+00:00 CRITICAL Cannot redeclare nc_videos_setup_post_type() (previously declared in H:\xampp\htdocs\naturallycurly\wp-content\themes\naturallycurly\functions.php:60) in H:\xampp\htdocs\naturallycurly\wp-content\themes\naturallycurly\functions.php on line 109

2021-08-11T07:57:43+00:00 CRITICAL Cannot redeclare nc_videos_setup_post_type() (previously declared in H:\xampp\htdocs\naturallycurly\wp-content\themes\naturallycurly\functions.php:60) in H:\xampp\htdocs\naturallycurly\wp-content\themes\naturallycurly\functions.php on line 109

2021-08-11T07:57:43+00:00 CRITICAL Cannot redeclare nc_videos_setup_post_type() (previously declared in H:\xampp\htdocs\naturallycurly\wp-content\themes\naturallycurly\functions.php:60) in H:\xampp\htdocs\naturallycurly\wp-content\themes\naturallycurly\functions.php on line 109

2021-08-11T07:57:43+00:00 CRITICAL Cannot redeclare nc_videos_setup_post_type() (previously declared in H:\xampp\htdocs\naturallycurly\wp-content\themes\naturallycurly\functions.php:60) in H:\xampp\htdocs\naturallycurly\wp-content\themes\naturallycurly\functions.php on line 109

2021-08-11T07:57:44+00:00 CRITICAL Cannot redeclare nc_videos_setup_post_type() (previously declared in H:\xampp\htdocs\naturallycurly\wp-content\themes\naturallycurly\functions.php:60) in H:\xampp\htdocs\naturallycurly\wp-content\themes\naturallycurly\functions.php on line 109

2021-08-11T07:57:44+00:00 CRITICAL Cannot redeclare nc_videos_setup_post_type() (previously declared in H:\xampp\htdocs\naturallycurly\wp-content\themes\naturallycurly\functions.php:60) in H:\xampp\htdocs\naturallycurly\wp-content\themes\naturallycurly\functions.php on line 109

2021-08-11T07:57:44+00:00 CRITICAL Cannot redeclare nc_videos_setup_post_type() (previously declared in H:\xampp\htdocs\naturallycurly\wp-content\themes\naturallycurly\functions.php:60) in H:\xampp\htdocs\naturallycurly\wp-content\themes\naturallycurly\functions.php on line 109

2021-08-11T07:57:44+00:00 CRITICAL Cannot redeclare nc_videos_setup_post_type() (previously declared in H:\xampp\htdocs\naturallycurly\wp-content\themes\naturallycurly\functions.php:60) in H:\xampp\htdocs\naturallycurly\wp-content\themes\naturallycurly\functions.php on line 109

2021-08-11T07:57:45+00:00 CRITICAL Cannot redeclare nc_videos_setup_post_type() (previously declared in H:\xampp\htdocs\naturallycurly\wp-content\themes\naturallycurly\functions.php:60) in H:\xampp\htdocs\naturallycurly\wp-content\themes\naturallycurly\functions.php on line 109

2021-08-11T07:57:45+00:00 CRITICAL Cannot redeclare nc_videos_setup_post_type() (previously declared in H:\xampp\htdocs\naturallycurly\wp-content\themes\naturallycurly\functions.php:60) in H:\xampp\htdocs\naturallycurly\wp-content\themes\naturallycurly\functions.php on line 109

2021-08-11T07:57:45+00:00 CRITICAL Cannot redeclare nc_videos_setup_post_type() (previously declared in H:\xampp\htdocs\naturallycurly\wp-content\themes\naturallycurly\functions.php:60) in H:\xampp\htdocs\naturallycurly\wp-content\themes\naturallycurly\functions.php on line 109

2021-08-11T07:57:46+00:00 CRITICAL Cannot redeclare nc_videos_setup_post_type() (previously declared in H:\xampp\htdocs\naturallycurly\wp-content\themes\naturallycurly\functions.php:60) in H:\xampp\htdocs\naturallycurly\wp-content\themes\naturallycurly\functions.php on line 109

2021-08-11T07:57:47+00:00 CRITICAL Cannot redeclare nc_videos_setup_post_type() (previously declared in H:\xampp\htdocs\naturallycurly\wp-content\themes\naturallycurly\functions.php:60) in H:\xampp\htdocs\naturallycurly\wp-content\themes\naturallycurly\functions.php on line 109

2021-08-11T07:57:47+00:00 CRITICAL Cannot redeclare nc_videos_setup_post_type() (previously declared in H:\xampp\htdocs\naturallycurly\wp-content\themes\naturallycurly\functions.php:60) in H:\xampp\htdocs\naturallycurly\wp-content\themes\naturallycurly\functions.php on line 109

2021-08-11T07:57:48+00:00 CRITICAL Cannot redeclare nc_videos_setup_post_type() (previously declared in H:\xampp\htdocs\naturallycurly\wp-content\themes\naturallycurly\functions.php:60) in H:\xampp\htdocs\naturallycurly\wp-content\themes\naturallycurly\functions.php on line 109

2021-08-11T07:57:48+00:00 CRITICAL Cannot redeclare nc_videos_setup_post_type() (previously declared in H:\xampp\htdocs\naturallycurly\wp-content\themes\naturallycurly\functions.php:60) in H:\xampp\htdocs\naturallycurly\wp-content\themes\naturallycurly\functions.php on line 109

2021-08-11T07:57:48+00:00 CRITICAL Cannot redeclare nc_videos_setup_post_type() (previously declared in H:\xampp\htdocs\naturallycurly\wp-content\themes\naturallycurly\functions.php:60) in H:\xampp\htdocs\naturallycurly\wp-content\themes\naturallycurly\functions.php on line 109

2021-08-11T07:57:49+00:00 CRITICAL Cannot redeclare nc_videos_setup_post_type() (previously declared in H:\xampp\htdocs\naturallycurly\wp-content\themes\naturallycurly\functions.php:60) in H:\xampp\htdocs\naturallycurly\wp-content\themes\naturallycurly\functions.php on line 109

2021-08-11T07:57:49+00:00 CRITICAL Cannot redeclare nc_videos_setup_post_type() (previously declared in H:\xampp\htdocs\naturallycurly\wp-content\themes\naturallycurly\functions.php:60) in H:\xampp\htdocs\naturallycurly\wp-content\themes\naturallycurly\functions.php on line 109

2021-08-11T07:57:49+00:00 CRITICAL Cannot redeclare nc_videos_setup_post_type() (previously declared in H:\xampp\htdocs\naturallycurly\wp-content\themes\naturallycurly\functions.php:60) in H:\xampp\htdocs\naturallycurly\wp-content\themes\naturallycurly\functions.php on line 109

2021-08-11T07:57:49+00:00 CRITICAL Cannot redeclare nc_videos_setup_post_type() (previously declared in H:\xampp\htdocs\naturallycurly\wp-content\themes\naturallycurly\functions.php:60) in H:\xampp\htdocs\naturallycurly\wp-content\themes\naturallycurly\functions.php on line 109

2021-08-11T07:57:50+00:00 CRITICAL Cannot redeclare nc_videos_setup_post_type() (previously declared in H:\xampp\htdocs\naturallycurly\wp-content\themes\naturallycurly\functions.php:60) in H:\xampp\htdocs\naturallycurly\wp-content\themes\naturallycurly\functions.php on line 109

2021-08-11T07:57:50+00:00 CRITICAL Cannot redeclare nc_videos_setup_post_type() (previously declared in H:\xampp\htdocs\naturallycurly\wp-content\themes\naturallycurly\functions.php:60) in H:\xampp\htdocs\naturallycurly\wp-content\themes\naturallycurly\functions.php on line 109

2021-08-11T07:57:50+00:00 CRITICAL Cannot redeclare nc_videos_setup_post_type() (previously declared in H:\xampp\htdocs\naturallycurly\wp-content\themes\naturallycurly\functions.php:60) in H:\xampp\htdocs\naturallycurly\wp-content\themes\naturallycurly\functions.php on line 109

2021-08-11T07:57:50+00:00 CRITICAL Cannot redeclare nc_videos_setup_post_type() (previously declared in H:\xampp\htdocs\naturallycurly\wp-content\themes\naturallycurly\functions.php:60) in H:\xampp\htdocs\naturallycurly\wp-content\themes\naturallycurly\functions.php on line 109

2021-08-11T07:57:51+00:00 CRITICAL Cannot redeclare nc_videos_setup_post_type() (previously declared in H:\xampp\htdocs\naturallycurly\wp-content\themes\naturallycurly\functions.php:60) in H:\xampp\htdocs\naturallycurly\wp-content\themes\naturallycurly\functions.php on line 109

2021-08-11T07:57:51+00:00 CRITICAL Cannot redeclare nc_videos_setup_post_type() (previously declared in H:\xampp\htdocs\naturallycurly\wp-content\themes\naturallycurly\functions.php:60) in H:\xampp\htdocs\naturallycurly\wp-content\themes\naturallycurly\functions.php on line 109

2021-08-11T07:57:52+00:00 CRITICAL Cannot redeclare nc_videos_setup_post_type() (previously declared in H:\xampp\htdocs\naturallycurly\wp-content\themes\naturallycurly\functions.php:60) in H:\xampp\htdocs\naturallycurly\wp-content\themes\naturallycurly\functions.php on line 109

2021-08-11T07:57:52+00:00 CRITICAL Cannot redeclare nc_videos_setup_post_type() (previously declared in H:\xampp\htdocs\naturallycurly\wp-content\themes\naturallycurly\functions.php:60) in H:\xampp\htdocs\naturallycurly\wp-content\themes\naturallycurly\functions.php on line 109

2021-08-11T07:57:52+00:00 CRITICAL Cannot redeclare nc_videos_setup_post_type() (previously declared in H:\xampp\htdocs\naturallycurly\wp-content\themes\naturallycurly\functions.php:60) in H:\xampp\htdocs\naturallycurly\wp-content\themes\naturallycurly\functions.php on line 109

2021-08-11T07:57:52+00:00 CRITICAL Cannot redeclare nc_videos_setup_post_type() (previously declared in H:\xampp\htdocs\naturallycurly\wp-content\themes\naturallycurly\functions.php:60) in H:\xampp\htdocs\naturallycurly\wp-content\themes\naturallycurly\functions.php on line 109

2021-08-11T07:57:53+00:00 CRITICAL Cannot redeclare nc_videos_setup_post_type() (previously declared in H:\xampp\htdocs\naturallycurly\wp-content\themes\naturallycurly\functions.php:60) in H:\xampp\htdocs\naturallycurly\wp-content\themes\naturallycurly\functions.php on line 109

2021-08-11T07:57:53+00:00 CRITICAL Cannot redeclare nc_videos_setup_post_type() (previously declared in H:\xampp\htdocs\naturallycurly\wp-content\themes\naturallycurly\functions.php:60) in H:\xampp\htdocs\naturallycurly\wp-content\themes\naturallycurly\functions.php on line 109

2021-08-11T07:57:53+00:00 CRITICAL Cannot redeclare nc_videos_setup_post_type() (previously declared in H:\xampp\htdocs\naturallycurly\wp-content\themes\naturallycurly\functions.php:60) in H:\xampp\htdocs\naturallycurly\wp-content\themes\naturallycurly\functions.php on line 109

2021-08-11T07:57:54+00:00 CRITICAL Cannot redeclare nc_videos_setup_post_type() (previously declared in H:\xampp\htdocs\naturallycurly\wp-content\themes\naturallycurly\functions.php:60) in H:\xampp\htdocs\naturallycurly\wp-content\themes\naturallycurly\functions.php on line 109

2021-08-11T07:57:54+00:00 CRITICAL Cannot redeclare nc_videos_setup_post_type() (previously declared in H:\xampp\htdocs\naturallycurly\wp-content\themes\naturallycurly\functions.php:60) in H:\xampp\htdocs\naturallycurly\wp-content\themes\naturallycurly\functions.php on line 109

2021-08-11T07:57:55+00:00 CRITICAL Cannot redeclare nc_videos_setup_post_type() (previously declared in H:\xampp\htdocs\naturallycurly\wp-content\themes\naturallycurly\functions.php:60) in H:\xampp\htdocs\naturallycurly\wp-content\themes\naturallycurly\functions.php on line 109

2021-08-11T07:57:55+00:00 CRITICAL Cannot redeclare nc_videos_setup_post_type() (previously declared in H:\xampp\htdocs\naturallycurly\wp-content\themes\naturallycurly\functions.php:60) in H:\xampp\htdocs\naturallycurly\wp-content\themes\naturallycurly\functions.php on line 109

2021-08-11T07:57:55+00:00 CRITICAL Cannot redeclare nc_videos_setup_post_type() (previously declared in H:\xampp\htdocs\naturallycurly\wp-content\themes\naturallycurly\functions.php:60) in H:\xampp\htdocs\naturallycurly\wp-content\themes\naturallycurly\functions.php on line 109

2021-08-11T07:57:56+00:00 CRITICAL Cannot redeclare nc_videos_setup_post_type() (previously declared in H:\xampp\htdocs\naturallycurly\wp-content\themes\naturallycurly\functions.php:60) in H:\xampp\htdocs\naturallycurly\wp-content\themes\naturallycurly\functions.php on line 109

2021-08-11T07:57:56+00:00 CRITICAL Cannot redeclare nc_videos_setup_post_type() (previously declared in H:\xampp\htdocs\naturallycurly\wp-content\themes\naturallycurly\functions.php:60) in H:\xampp\htdocs\naturallycurly\wp-content\themes\naturallycurly\functions.php on line 109

2021-08-11T07:57:56+00:00 CRITICAL Cannot redeclare nc_videos_setup_post_type() (previously declared in H:\xampp\htdocs\naturallycurly\wp-content\themes\naturallycurly\functions.php:60) in H:\xampp\htdocs\naturallycurly\wp-content\themes\naturallycurly\functions.php on line 109

2021-08-11T07:57:57+00:00 CRITICAL Cannot redeclare nc_videos_setup_post_type() (previously declared in H:\xampp\htdocs\naturallycurly\wp-content\themes\naturallycurly\functions.php:60) in H:\xampp\htdocs\naturallycurly\wp-content\themes\naturallycurly\functions.php on line 109

2021-08-11T07:57:57+00:00 CRITICAL Cannot redeclare nc_videos_setup_post_type() (previously declared in H:\xampp\htdocs\naturallycurly\wp-content\themes\naturallycurly\functions.php:60) in H:\xampp\htdocs\naturallycurly\wp-content\themes\naturallycurly\functions.php on line 109

2021-08-11T07:57:58+00:00 CRITICAL Cannot redeclare nc_videos_setup_post_type() (previously declared in H:\xampp\htdocs\naturallycurly\wp-content\themes\naturallycurly\functions.php:60) in H:\xampp\htdocs\naturallycurly\wp-content\themes\naturallycurly\functions.php on line 109

2021-08-11T07:57:58+00:00 CRITICAL Cannot redeclare nc_videos_setup_post_type() (previously declared in H:\xampp\htdocs\naturallycurly\wp-content\themes\naturallycurly\functions.php:60) in H:\xampp\htdocs\naturallycurly\wp-content\themes\naturallycurly\functions.php on line 109

2021-08-11T07:57:59+00:00 CRITICAL Cannot redeclare nc_videos_setup_post_type() (previously declared in H:\xampp\htdocs\naturallycurly\wp-content\themes\naturallycurly\functions.php:60) in H:\xampp\htdocs\naturallycurly\wp-content\themes\naturallycurly\functions.php on line 109

2021-08-11T07:57:59+00:00 CRITICAL Cannot redeclare nc_videos_setup_post_type() (previously declared in H:\xampp\htdocs\naturallycurly\wp-content\themes\naturallycurly\functions.php:60) in H:\xampp\htdocs\naturallycurly\wp-content\themes\naturallycurly\functions.php on line 109

2021-08-11T07:58:00+00:00 CRITICAL Cannot redeclare nc_videos_setup_post_type() (previously declared in H:\xampp\htdocs\naturallycurly\wp-content\themes\naturallycurly\functions.php:60) in H:\xampp\htdocs\naturallycurly\wp-content\themes\naturallycurly\functions.php on line 109

2021-08-11T07:58:00+00:00 CRITICAL Cannot redeclare nc_videos_setup_post_type() (previously declared in H:\xampp\htdocs\naturallycurly\wp-content\themes\naturallycurly\functions.php:60) in H:\xampp\htdocs\naturallycurly\wp-content\themes\naturallycurly\functions.php on line 109

2021-08-11T07:58:01+00:00 CRITICAL Cannot redeclare nc_videos_setup_post_type() (previously declared in H:\xampp\htdocs\naturallycurly\wp-content\themes\naturallycurly\functions.php:60) in H:\xampp\htdocs\naturallycurly\wp-content\themes\naturallycurly\functions.php on line 109

2021-08-11T07:58:02+00:00 CRITICAL Cannot redeclare nc_videos_setup_post_type() (previously declared in H:\xampp\htdocs\naturallycurly\wp-content\themes\naturallycurly\functions.php:60) in H:\xampp\htdocs\naturallycurly\wp-content\themes\naturallycurly\functions.php on line 109

2021-08-11T07:58:02+00:00 CRITICAL Cannot redeclare nc_videos_setup_post_type() (previously declared in H:\xampp\htdocs\naturallycurly\wp-content\themes\naturallycurly\functions.php:60) in H:\xampp\htdocs\naturallycurly\wp-content\themes\naturallycurly\functions.php on line 109

2021-08-11T07:58:02+00:00 CRITICAL Cannot redeclare nc_videos_setup_post_type() (previously declared in H:\xampp\htdocs\naturallycurly\wp-content\themes\naturallycurly\functions.php:60) in H:\xampp\htdocs\naturallycurly\wp-content\themes\naturallycurly\functions.php on line 109

2021-08-11T07:58:02+00:00 CRITICAL Cannot redeclare nc_videos_setup_post_type() (previously declared in H:\xampp\htdocs\naturallycurly\wp-content\themes\naturallycurly\functions.php:60) in H:\xampp\htdocs\naturallycurly\wp-content\themes\naturallycurly\functions.php on line 109

2021-08-11T07:58:02+00:00 CRITICAL Cannot redeclare nc_videos_setup_post_type() (previously declared in H:\xampp\htdocs\naturallycurly\wp-content\themes\naturallycurly\functions.php:60) in H:\xampp\htdocs\naturallycurly\wp-content\themes\naturallycurly\functions.php on line 109

2021-08-11T07:58:03+00:00 CRITICAL Cannot redeclare nc_videos_setup_post_type() (previously declared in H:\xampp\htdocs\naturallycurly\wp-content\themes\naturallycurly\functions.php:60) in H:\xampp\htdocs\naturallycurly\wp-content\themes\naturallycurly\functions.php on line 109

2021-08-11T07:58:03+00:00 CRITICAL Cannot redeclare nc_videos_setup_post_type() (previously declared in H:\xampp\htdocs\naturallycurly\wp-content\themes\naturallycurly\functions.php:60) in H:\xampp\htdocs\naturallycurly\wp-content\themes\naturallycurly\functions.php on line 109

2021-08-11T07:58:03+00:00 CRITICAL Cannot redeclare nc_videos_setup_post_type() (previously declared in H:\xampp\htdocs\naturallycurly\wp-content\themes\naturallycurly\functions.php:60) in H:\xampp\htdocs\naturallycurly\wp-content\themes\naturallycurly\functions.php on line 109

2021-08-11T07:58:04+00:00 CRITICAL Cannot redeclare nc_videos_setup_post_type() (previously declared in H:\xampp\htdocs\naturallycurly\wp-content\themes\naturallycurly\functions.php:60) in H:\xampp\htdocs\naturallycurly\wp-content\themes\naturallycurly\functions.php on line 109

2021-08-11T07:58:04+00:00 CRITICAL Cannot redeclare nc_videos_setup_post_type() (previously declared in H:\xampp\htdocs\naturallycurly\wp-content\themes\naturallycurly\functions.php:60) in H:\xampp\htdocs\naturallycurly\wp-content\themes\naturallycurly\functions.php on line 109

2021-08-11T07:58:05+00:00 CRITICAL Cannot redeclare nc_videos_setup_post_type() (previously declared in H:\xampp\htdocs\naturallycurly\wp-content\themes\naturallycurly\functions.php:60) in H:\xampp\htdocs\naturallycurly\wp-content\themes\naturallycurly\functions.php on line 109

2021-08-11T07:58:05+00:00 CRITICAL Cannot redeclare nc_videos_setup_post_type() (previously declared in H:\xampp\htdocs\naturallycurly\wp-content\themes\naturallycurly\functions.php:60) in H:\xampp\htdocs\naturallycurly\wp-content\themes\naturallycurly\functions.php on line 109

2021-08-11T07:58:05+00:00 CRITICAL Cannot redeclare nc_videos_setup_post_type() (previously declared in H:\xampp\htdocs\naturallycurly\wp-content\themes\naturallycurly\functions.php:60) in H:\xampp\htdocs\naturallycurly\wp-content\themes\naturallycurly\functions.php on line 109

2021-08-11T07:58:05+00:00 CRITICAL Cannot redeclare nc_videos_setup_post_type() (previously declared in H:\xampp\htdocs\naturallycurly\wp-content\themes\naturallycurly\functions.php:60) in H:\xampp\htdocs\naturallycurly\wp-content\themes\naturallycurly\functions.php on line 109

2021-08-11T07:58:05+00:00 CRITICAL Cannot redeclare nc_videos_setup_post_type() (previously declared in H:\xampp\htdocs\naturallycurly\wp-content\themes\naturallycurly\functions.php:60) in H:\xampp\htdocs\naturallycurly\wp-content\themes\naturallycurly\functions.php on line 109

2021-08-11T07:58:06+00:00 CRITICAL Cannot redeclare nc_videos_setup_post_type() (previously declared in H:\xampp\htdocs\naturallycurly\wp-content\themes\naturallycurly\functions.php:60) in H:\xampp\htdocs\naturallycurly\wp-content\themes\naturallycurly\functions.php on line 109

2021-08-11T07:58:06+00:00 CRITICAL Cannot redeclare nc_videos_setup_post_type() (previously declared in H:\xampp\htdocs\naturallycurly\wp-content\themes\naturallycurly\functions.php:60) in H:\xampp\htdocs\naturallycurly\wp-content\themes\naturallycurly\functions.php on line 109

2021-08-11T07:58:07+00:00 CRITICAL Cannot redeclare nc_videos_setup_post_type() (previously declared in H:\xampp\htdocs\naturallycurly\wp-content\themes\naturallycurly\functions.php:60) in H:\xampp\htdocs\naturallycurly\wp-content\themes\naturallycurly\functions.php on line 109

2021-08-11T07:58:07+00:00 CRITICAL Cannot redeclare nc_videos_setup_post_type() (previously declared in H:\xampp\htdocs\naturallycurly\wp-content\themes\naturallycurly\functions.php:60) in H:\xampp\htdocs\naturallycurly\wp-content\themes\naturallycurly\functions.php on line 109

2021-08-11T07:58:07+00:00 CRITICAL Cannot redeclare nc_videos_setup_post_type() (previously declared in H:\xampp\htdocs\naturallycurly\wp-content\themes\naturallycurly\functions.php:60) in H:\xampp\htdocs\naturallycurly\wp-content\themes\naturallycurly\functions.php on line 109

2021-08-11T07:58:07+00:00 CRITICAL Cannot redeclare nc_videos_setup_post_type() (previously declared in H:\xampp\htdocs\naturallycurly\wp-content\themes\naturallycurly\functions.php:60) in H:\xampp\htdocs\naturallycurly\wp-content\themes\naturallycurly\functions.php on line 109

2021-08-11T07:58:08+00:00 CRITICAL Cannot redeclare nc_videos_setup_post_type() (previously declared in H:\xampp\htdocs\naturallycurly\wp-content\themes\naturallycurly\functions.php:60) in H:\xampp\htdocs\naturallycurly\wp-content\themes\naturallycurly\functions.php on line 109

2021-08-11T07:58:08+00:00 CRITICAL Cannot redeclare nc_videos_setup_post_type() (previously declared in H:\xampp\htdocs\naturallycurly\wp-content\themes\naturallycurly\functions.php:60) in H:\xampp\htdocs\naturallycurly\wp-content\themes\naturallycurly\functions.php on line 109

2021-08-11T07:58:09+00:00 CRITICAL Cannot redeclare nc_videos_setup_post_type() (previously declared in H:\xampp\htdocs\naturallycurly\wp-content\themes\naturallycurly\functions.php:60) in H:\xampp\htdocs\naturallycurly\wp-content\themes\naturallycurly\functions.php on line 109

2021-08-11T07:58:09+00:00 CRITICAL Cannot redeclare nc_videos_setup_post_type() (previously declared in H:\xampp\htdocs\naturallycurly\wp-content\themes\naturallycurly\functions.php:60) in H:\xampp\htdocs\naturallycurly\wp-content\themes\naturallycurly\functions.php on line 109

2021-08-11T07:58:09+00:00 CRITICAL Cannot redeclare nc_videos_setup_post_type() (previously declared in H:\xampp\htdocs\naturallycurly\wp-content\themes\naturallycurly\functions.php:60) in H:\xampp\htdocs\naturallycurly\wp-content\themes\naturallycurly\functions.php on line 109

2021-08-11T07:58:10+00:00 CRITICAL Cannot redeclare nc_videos_setup_post_type() (previously declared in H:\xampp\htdocs\naturallycurly\wp-content\themes\naturallycurly\functions.php:60) in H:\xampp\htdocs\naturallycurly\wp-content\themes\naturallycurly\functions.php on line 109

2021-08-11T07:58:10+00:00 CRITICAL Cannot redeclare nc_videos_setup_post_type() (previously declared in H:\xampp\htdocs\naturallycurly\wp-content\themes\naturallycurly\functions.php:60) in H:\xampp\htdocs\naturallycurly\wp-content\themes\naturallycurly\functions.php on line 109

2021-08-11T07:58:10+00:00 CRITICAL Cannot redeclare nc_videos_setup_post_type() (previously declared in H:\xampp\htdocs\naturallycurly\wp-content\themes\naturallycurly\functions.php:60) in H:\xampp\htdocs\naturallycurly\wp-content\themes\naturallycurly\functions.php on line 109

2021-08-11T07:58:10+00:00 CRITICAL Cannot redeclare nc_videos_setup_post_type() (previously declared in H:\xampp\htdocs\naturallycurly\wp-content\themes\naturallycurly\functions.php:60) in H:\xampp\htdocs\naturallycurly\wp-content\themes\naturallycurly\functions.php on line 109

2021-08-11T07:58:11+00:00 CRITICAL Cannot redeclare nc_videos_setup_post_type() (previously declared in H:\xampp\htdocs\naturallycurly\wp-content\themes\naturallycurly\functions.php:60) in H:\xampp\htdocs\naturallycurly\wp-content\themes\naturallycurly\functions.php on line 109

2021-08-11T07:58:11+00:00 CRITICAL Cannot redeclare nc_videos_setup_post_type() (previously declared in H:\xampp\htdocs\naturallycurly\wp-content\themes\naturallycurly\functions.php:60) in H:\xampp\htdocs\naturallycurly\wp-content\themes\naturallycurly\functions.php on line 109

2021-08-11T07:58:11+00:00 CRITICAL Cannot redeclare nc_videos_setup_post_type() (previously declared in H:\xampp\htdocs\naturallycurly\wp-content\themes\naturallycurly\functions.php:60) in H:\xampp\htdocs\naturallycurly\wp-content\themes\naturallycurly\functions.php on line 109

2021-08-11T07:58:11+00:00 CRITICAL Cannot redeclare nc_videos_setup_post_type() (previously declared in H:\xampp\htdocs\naturallycurly\wp-content\themes\naturallycurly\functions.php:60) in H:\xampp\htdocs\naturallycurly\wp-content\themes\naturallycurly\functions.php on line 109

2021-08-11T07:58:12+00:00 CRITICAL Cannot redeclare nc_videos_setup_post_type() (previously declared in H:\xampp\htdocs\naturallycurly\wp-content\themes\naturallycurly\functions.php:60) in H:\xampp\htdocs\naturallycurly\wp-content\themes\naturallycurly\functions.php on line 109

2021-08-11T07:58:12+00:00 CRITICAL Cannot redeclare nc_videos_setup_post_type() (previously declared in H:\xampp\htdocs\naturallycurly\wp-content\themes\naturallycurly\functions.php:60) in H:\xampp\htdocs\naturallycurly\wp-content\themes\naturallycurly\functions.php on line 109

2021-08-11T07:58:12+00:00 CRITICAL Cannot redeclare nc_videos_setup_post_type() (previously declared in H:\xampp\htdocs\naturallycurly\wp-content\themes\naturallycurly\functions.php:60) in H:\xampp\htdocs\naturallycurly\wp-content\themes\naturallycurly\functions.php on line 109

2021-08-11T07:58:13+00:00 CRITICAL Cannot redeclare nc_videos_setup_post_type() (previously declared in H:\xampp\htdocs\naturallycurly\wp-content\themes\naturallycurly\functions.php:60) in H:\xampp\htdocs\naturallycurly\wp-content\themes\naturallycurly\functions.php on line 109

2021-08-11T08:13:22+00:00 CRITICAL syntax error, unexpected '<' in H:\xampp\htdocs\naturallycurly\wp-content\themes\naturallycurly\functions.php on line 41

2021-08-11T08:13:22+00:00 CRITICAL syntax error, unexpected '<' in H:\xampp\htdocs\naturallycurly\wp-content\themes\naturallycurly\functions.php on line 41

2021-08-11T08:13:23+00:00 CRITICAL syntax error, unexpected '<' in H:\xampp\htdocs\naturallycurly\wp-content\themes\naturallycurly\functions.php on line 41

2021-08-11T08:13:24+00:00 CRITICAL syntax error, unexpected '<' in H:\xampp\htdocs\naturallycurly\wp-content\themes\naturallycurly\functions.php on line 41

2021-08-11T08:13:26+00:00 CRITICAL syntax error, unexpected '<' in H:\xampp\htdocs\naturallycurly\wp-content\themes\naturallycurly\functions.php on line 41

2021-08-11T08:13:26+00:00 CRITICAL syntax error, unexpected '<' in H:\xampp\htdocs\naturallycurly\wp-content\themes\naturallycurly\functions.php on line 41

2021-08-11T08:13:26+00:00 CRITICAL syntax error, unexpected '<' in H:\xampp\htdocs\naturallycurly\wp-content\themes\naturallycurly\functions.php on line 41

2021-08-11T08:13:26+00:00 CRITICAL syntax error, unexpected '<' in H:\xampp\htdocs\naturallycurly\wp-content\themes\naturallycurly\functions.php on line 41

2021-08-11T08:13:27+00:00 CRITICAL syntax error, unexpected '<' in H:\xampp\htdocs\naturallycurly\wp-content\themes\naturallycurly\functions.php on line 41

2021-08-11T08:15:59+00:00 CRITICAL Maximum execution time of 30 seconds exceeded in H:\xampp\htdocs\naturallycurly\wp-includes\Requests\Transport\cURL.php on line 462

2021-08-11T08:17:10+00:00 CRITICAL Maximum execution time of 30 seconds exceeded in H:\xampp\htdocs\naturallycurly\wp-includes\Requests\Transport\cURL.php on line 462

2021-08-11T08:22:24+00:00 CRITICAL Maximum execution time of 30 seconds exceeded in H:\xampp\htdocs\naturallycurly\wp-includes\wp-db.php on line 2056

2021-08-11T09:41:52+00:00 CRITICAL syntax error, unexpected 'while' (T_WHILE) in H:\xampp\htdocs\naturallycurly\wp-content\themes\naturallycurly\front-page.php on line 9

2021-08-11T10:30:56+00:00 CRITICAL syntax error, unexpected 'get_the_permalink' (T_STRING) in H:\xampp\htdocs\naturallycurly\wp-content\themes\naturallycurly\front-page.php on line 105

2021-08-11T10:43:32+00:00 CRITICAL syntax error, unexpected '(', expecting ';' in H:\xampp\htdocs\naturallycurly\wp-content\themes\naturallycurly\front-page.php on line 330

2021-08-11T10:56:49+00:00 CRITICAL Maximum execution time of 30 seconds exceeded in H:\xampp\htdocs\naturallycurly\wp-includes\Requests\Transport\cURL.php on line 462

2021-08-11T10:57:47+00:00 CRITICAL Maximum execution time of 30 seconds exceeded in H:\xampp\htdocs\naturallycurly\wp-includes\Requests\Transport\cURL.php on line 462

2021-08-11T11:01:51+00:00 CRITICAL Maximum execution time of 30 seconds exceeded in H:\xampp\htdocs\naturallycurly\wp-includes\Requests\Transport\cURL.php on line 462

2021-08-11T11:03:00+00:00 CRITICAL Maximum execution time of 30 seconds exceeded in H:\xampp\htdocs\naturallycurly\wp-includes\Requests\Transport\cURL.php on line 462

2021-08-11T11:43:29+00:00 CRITICAL Maximum execution time of 30 seconds exceeded in H:\xampp\htdocs\naturallycurly\wp-includes\Requests\Transport\cURL.php on line 462

2021-08-11T11:51:42+00:00 CRITICAL Maximum execution time of 30 seconds exceeded in H:\xampp\htdocs\naturallycurly\wp-includes\Requests\Transport\cURL.php on line 462

2021-08-11T13:58:37+00:00 CRITICAL Maximum execution time of 30 seconds exceeded in H:\xampp\htdocs\naturallycurly\wp-includes\Requests\Transport\cURL.php on line 462

